2019-04-17 13:17:05.778  INFO 52496 --- [restartedMain] com.bst.pidms.PidmsApplication           : Starting PidmsApplication on DESKTOP-EOHH9H4 with PID 52496 (D:\IdeaProjects\pidms\target\classes started by BST in D:\IdeaProjects\pidms)
2019-04-17 13:17:05.781  INFO 52496 --- [restartedMain] com.bst.pidms.PidmsApplication           : No active profile set, falling back to default profiles: default
2019-04-17 13:17:05.971  INFO 52496 --- [restartedMain] .e.DevToolsPropertyDefaultsPostProcessor : Devtools property defaults active! Set 'spring.devtools.add-properties' to 'false' to disable
2019-04-17 13:17:05.971  INFO 52496 --- [restartedMain] .e.DevToolsPropertyDefaultsPostProcessor : For additional web related logging consider setting the 'logging.level.web' property to 'DEBUG'
2019-04-17 13:17:07.473  INFO 52496 --- [restartedMain] .s.d.r.c.RepositoryConfigurationDelegate : Bootstrapping Spring Data repositories in DEFAULT mode.
2019-04-17 13:17:07.572  INFO 52496 --- [restartedMain] .s.d.r.c.RepositoryConfigurationDelegate : Finished Spring Data repository scanning in 94ms. Found 1 repository interfaces.
2019-04-17 13:17:08.187  INFO 52496 --- [restartedMain] trationDelegate$BeanPostProcessorChecker : Bean 'org.springframework.transaction.annotation.ProxyTransactionManagementConfiguration' of type [org.springframework.transaction.annotation.ProxyTransactionManagementConfiguration$$EnhancerBySpringCGLIB$$7c81f11a] is not eligible for getting processed by all BeanPostProcessors (for example: not eligible for auto-proxying)
2019-04-17 13:17:09.036  INFO 52496 --- [restartedMain] o.s.b.w.embedded.tomcat.TomcatWebServer  : Tomcat initialized with port(s): 8080 (http)
2019-04-17 13:17:09.094  INFO 52496 --- [restartedMain] o.a.coyote.http11.Http11NioProtocol      : Initializing ProtocolHandler ["http-nio-8080"]
2019-04-17 13:17:09.112  INFO 52496 --- [restartedMain] o.apache.catalina.core.StandardService   : Starting service [Tomcat]
2019-04-17 13:17:09.113  INFO 52496 --- [restartedMain] org.apache.catalina.core.StandardEngine  : Starting Servlet engine: [Apache Tomcat/9.0.16]
2019-04-17 13:17:09.132  INFO 52496 --- [restartedMain] o.a.catalina.core.AprLifecycleListener   : The APR based Apache Tomcat Native library which allows optimal performance in production environments was not found on the java.library.path: [D:\Java\jdk1.8.0_162\bin;C:\WINDOWS\Sun\Java\bin;C:\WINDOWS\system32;C:\WINDOWS;C:\Program Files (x86)\Common Files\Oracle\Java\javapath;C:\ProgramData\Oracle\Java\javapath;C:\WINDOWS\system32;C:\WINDOWS;C:\WINDOWS\System32\Wbem;C:\WINDOWS\System32\WindowsPowerShell\v1.0\;D:\Java\jdk1.8.0_162\bin;D:\apache-tomcat-8.0.52\bin;C:\Program Files\MySQL\MySQL Utilities 1.6\;C:\Program Files (x86)\Common Files\Thunder Network\KanKan\Codecs;D:\apache-maven-3.5.3\bin;C:\WINDOWS\System32\OpenSSH\;C:\Users\BST\Desktop\PanDownload\;C:\Program Files\TortoiseSVN\bin;C:\Program Files\Git\cmd;C:\Program Files\nodejs\;Z:\cvsnt;C:\Program Files (x86)\cvsnt;Z:\ShadowsocksR-4.7.0\;C:\Program Files (x86)\Microsoft Visual Studio\Common\Tools\WinNT;C:\Program Files (x86)\Microsoft Visual Studio\Common\MSDev98\Bin;C:\Program Files (x86)\Microsoft Visual Studio\Common\Tools;C:\Program Files (x86)\Microsoft Visual Studio\VC98\bin;C:\Users\BST\AppData\Local\Microsoft\WindowsApps;Z:\Bandizip\;D:\Java\jdk1.8.0_162\bin;C:\PortableGit\bin;C:\Users\BST\AppData\Local\GitHubDesktop\bin;C:\Users\BST\AppData\Local\Microsoft\WindowsApps;C:\Users\BST\AppData\Roaming\npm;Z:\CVSNT\;.]
2019-04-17 13:17:09.601  INFO 52496 --- [restartedMain] o.a.c.c.C.[Tomcat].[localhost].[/]       : Initializing Spring embedded WebApplicationContext
2019-04-17 13:17:09.601  INFO 52496 --- [restartedMain] o.s.web.context.ContextLoader            : Root WebApplicationContext: initialization completed in 3630 ms
2019-04-17 13:17:10.560  INFO 52496 --- [restartedMain] o.j.office.OfficeProcessManager          : Submitting task 'Start' and waiting...
2019-04-17 13:17:11.237  INFO 52496 --- [OfficeProcessThread-0] o.jodconverter.office.OfficeDescriptor   : soffice info (from exec path): Product: OpenOffice - Version: ??? - useLongOptionNameGnuStyle: false
2019-04-17 13:17:11.238  INFO 52496 --- [OfficeProcessThread-0] org.jodconverter.office.OfficeProcess    : Starting process with acceptString 'socket,host=127.0.0.1,port=8100,tcpNoDelay=1;urp;StarOffice.ServiceManager' and profileDir 'C:\Users\BST\AppData\Local\Temp\.jodconverter_socket_host-127.0.0.1_port-8100_tcpNoDelay-1'
2019-04-17 13:17:11.635  INFO 52496 --- [OfficeProcessThread-0] org.jodconverter.office.OfficeProcess    : Started process; pid = 51928
2019-04-17 13:17:12.717  INFO 52496 --- [OfficeProcessThread-0] o.jodconverter.office.OfficeConnection   : Connected: 'socket,host=127.0.0.1,port=8100,tcpNoDelay=1'
2019-04-17 13:17:12.866  INFO 52496 --- [restartedMain] o.s.s.concurrent.ThreadPoolTaskExecutor  : Initializing ExecutorService 'applicationTaskExecutor'
2019-04-17 13:17:14.025  INFO 52496 --- [restartedMain] o.elasticsearch.plugins.PluginsService   : no modules loaded
2019-04-17 13:17:14.026  INFO 52496 --- [restartedMain] o.elasticsearch.plugins.PluginsService   : loaded plugin [org.elasticsearch.index.reindex.ReindexPlugin]
2019-04-17 13:17:14.027  INFO 52496 --- [restartedMain] o.elasticsearch.plugins.PluginsService   : loaded plugin [org.elasticsearch.join.ParentJoinPlugin]
2019-04-17 13:17:14.027  INFO 52496 --- [restartedMain] o.elasticsearch.plugins.PluginsService   : loaded plugin [org.elasticsearch.percolator.PercolatorPlugin]
2019-04-17 13:17:14.027  INFO 52496 --- [restartedMain] o.elasticsearch.plugins.PluginsService   : loaded plugin [org.elasticsearch.script.mustache.MustachePlugin]
2019-04-17 13:17:14.027  INFO 52496 --- [restartedMain] o.elasticsearch.plugins.PluginsService   : loaded plugin [org.elasticsearch.transport.Netty4Plugin]
2019-04-17 13:17:16.545  INFO 52496 --- [restartedMain] o.s.d.e.c.TransportClientFactoryBean     : Adding transport node : 127.0.0.1:9300
2019-04-17 13:17:19.622  INFO 52496 --- [restartedMain] o.s.b.d.a.OptionalLiveReloadServer       : LiveReload server is running on port 35729
2019-04-17 13:17:19.812  INFO 52496 --- [restartedMain] o.s.b.a.w.s.WelcomePageHandlerMapping    : Adding welcome page template: index
2019-04-17 13:17:22.058  INFO 52496 --- [restartedMain] o.a.coyote.http11.Http11NioProtocol      : Starting ProtocolHandler ["http-nio-8080"]
2019-04-17 13:17:22.078  INFO 52496 --- [restartedMain] o.s.b.w.embedded.tomcat.TomcatWebServer  : Tomcat started on port(s): 8080 (http) with context path ''
2019-04-17 13:17:22.081  INFO 52496 --- [restartedMain] com.bst.pidms.PidmsApplication           : Started PidmsApplication in 17.817 seconds (JVM running for 20.505)
2019-04-17 13:19:42.753  INFO 52496 --- [Thread-47] o.s.s.concurrent.ThreadPoolTaskExecutor  : Shutting down ExecutorService 'applicationTaskExecutor'
2019-04-17 13:19:42.754  INFO 52496 --- [Thread-47] o.j.office.AbstractOfficeManagerPool     : Stopping the office manager pool...
2019-04-17 13:19:42.755  INFO 52496 --- [Thread-47] o.j.office.OfficeProcessManager          : Submitting task 'Stop' and waiting...
2019-04-17 13:19:42.785  INFO 52496 --- [MessageDispatcher] o.jodconverter.office.OfficeConnection   : Disconnected: 'socket,host=127.0.0.1,port=8100,tcpNoDelay=1'
2019-04-17 13:19:43.019  INFO 52496 --- [OfficeProcessThread-0] o.j.office.OfficeProcessManager          : process exited with code 0
2019-04-17 13:19:43.403  INFO 52496 --- [Thread-47] o.j.office.AbstractOfficeManagerPool     : Office manager stopped
